#
# There is insufficient memory for the Java Runtime Environment to continue.
# Native memory allocation (malloc) failed to allocate 678496 bytes for Chunk::new
# Possible reasons:
#   The system is out of physical RAM or swap space
#   The process is running with CompressedOops enabled, and the Java Heap may be blocking the growth of the native heap
# Possible solutions:
#   Reduce memory load on the system
#   Increase physical memory or swap space
#   Check if swap backing store is full
#   Decrease Java heap size (-Xmx/-Xms)
#   Decrease number of Java threads
#   Decrease Java thread stack sizes (-Xss)
#   Set larger code cache with -XX:ReservedCodeCacheSize=
#   JVM is running with Unscaled Compressed Oops mode in which the Java heap is
#     placed in the first 4GB address space. The Java Heap base address is the
#     maximum limit for the native heap growth. Please use -XX:HeapBaseMinAddress
#     to set the Java Heap base and to place the Java Heap above 4GB virtual address.
# This output file may be truncated or incomplete.
#
#  Out of Memory Error (arena.cpp:168), pid=9560, tid=12252
#
# JRE version: Java(TM) SE Runtime Environment (21.0.3+7) (build 21.0.3+7-LTS-152)
# Java VM: Java HotSpot(TM) 64-Bit Server VM (21.0.3+7-LTS-152, mixed mode, sharing, tiered, compressed oops, compressed class ptrs, g1 gc, windows-amd64)
# No core dump will be written. Minidumps are not enabled by default on client versions of Windows
#

---------------  S U M M A R Y ------------

Command Line: -ea -Didea.test.cyclic.buffer.size=1048576 -javaagent:D:\RealCSTools\intelliJ\IntelliJIDEA2024.2.1\lib\idea_rt.jar=2613:D:\RealCSTools\intelliJ\IntelliJIDEA2024.2.1\bin -Dfile.encoding=UTF-8 -Dsun.stdout.encoding=UTF-8 -Dsun.stderr.encoding=UTF-8 com.intellij.rt.junit.JUnitStarter -ideVersion5 -junit5 @w@C:\Users\ASUS\AppData\Local\Temp\idea_working_dirs_junit.tmp @C:\Users\ASUS\AppData\Local\Temp\idea_junit.tmp

Host: Intel(R) Pentium(R) CPU 4405U @ 2.10GHz, 4 cores, 7G,  Windows 10 , 64 bit Build 18362 (10.0.18362.329)
Time: Fri Sep 20 17:01:15 2024 中国标准时间 elapsed time: 3.611956 seconds (0d 0h 0m 3s)

---------------  T H R E A D  ---------------

Current thread (0x000001c07d3338f0):  JavaThread "C2 CompilerThread0" daemon [_thread_in_native, id=12252, stack(0x00000038e9000000,0x00000038e9100000) (1024K)]


Current CompileTask:
C2:   3612 1666       4       java.lang.invoke.MethodType::methodType (69 bytes)

Stack: [0x00000038e9000000,0x00000038e9100000]
Native frames: (J=compiled Java code, j=interpreted, Vv=VM code, C=native code)
V  [jvm.dll+0x6c63b9]
V  [jvm.dll+0x84fa11]
V  [jvm.dll+0x851f3e]
V  [jvm.dll+0x852613]
V  [jvm.dll+0x27cd46]
V  [jvm.dll+0xc4aad]
V  [jvm.dll+0xc4fe3]
V  [jvm.dll+0x2efaff]
V  [jvm.dll+0x5f150a]
V  [jvm.dll+0x24e99f]
V  [jvm.dll+0x24ed7f]
V  [jvm.dll+0x247984]
V  [jvm.dll+0x245014]
V  [jvm.dll+0x1c689e]
V  [jvm.dll+0x254609]
V  [jvm.dll+0x252b9a]
V  [jvm.dll+0x3eb056]
V  [jvm.dll+0x7f9ffb]
V  [jvm.dll+0x6c4a9d]
C  [ucrtbase.dll+0x20e72]
C  [KERNEL32.DLL+0x17bd4]
C  [ntdll.dll+0x6ced1]


---------------  P R O C E S S  ---------------

Threads class SMR info:
_java_thread_list=0x000001c07e29ff10, length=11, elements={
0x000001c05f2c3180, 0x000001c07d32aed0, 0x000001c07d32deb0, 0x000001c07d330c40,
0x000001c07d3316a0, 0x000001c07d332100, 0x000001c07d332b60, 0x000001c07d3338f0,
0x000001c07d3353a0, 0x000001c07d4cb9b0, 0x000001c07d5caf30
}

Java Threads: ( => current thread )
  0x000001c05f2c3180 JavaThread "main"                              [_thread_in_native, id=9036, stack(0x00000038e8200000,0x00000038e8300000) (1024K)]
  0x000001c07d32aed0 JavaThread "Reference Handler"          daemon [_thread_blocked, id=11372, stack(0x00000038e8a00000,0x00000038e8b00000) (1024K)]
  0x000001c07d32deb0 JavaThread "Finalizer"                  daemon [_thread_blocked, id=11988, stack(0x00000038e8b00000,0x00000038e8c00000) (1024K)]
  0x000001c07d330c40 JavaThread "Signal Dispatcher"          daemon [_thread_blocked, id=1348, stack(0x00000038e8c00000,0x00000038e8d00000) (1024K)]
  0x000001c07d3316a0 JavaThread "Attach Listener"            daemon [_thread_blocked, id=13096, stack(0x00000038e8d00000,0x00000038e8e00000) (1024K)]
  0x000001c07d332100 JavaThread "Service Thread"             daemon [_thread_blocked, id=12000, stack(0x00000038e8e00000,0x00000038e8f00000) (1024K)]
  0x000001c07d332b60 JavaThread "Monitor Deflation Thread"   daemon [_thread_blocked, id=8408, stack(0x00000038e8f00000,0x00000038e9000000) (1024K)]
=>0x000001c07d3338f0 JavaThread "C2 CompilerThread0"         daemon [_thread_in_native, id=12252, stack(0x00000038e9000000,0x00000038e9100000) (1024K)]
  0x000001c07d3353a0 JavaThread "C1 CompilerThread0"         daemon [_thread_blocked, id=11584, stack(0x00000038e9100000,0x00000038e9200000) (1024K)]
  0x000001c07d4cb9b0 JavaThread "Common-Cleaner"             daemon [_thread_blocked, id=9704, stack(0x00000038e9200000,0x00000038e9300000) (1024K)]
  0x000001c07d5caf30 JavaThread "Notification Thread"        daemon [_thread_blocked, id=12940, stack(0x00000038e9400000,0x00000038e9500000) (1024K)]
Total: 11

Other Threads:
  0x000001c07d3116a0 VMThread "VM Thread"                           [id=16324, stack(0x00000038e8900000,0x00000038e8a00000) (1024K)]
  0x000001c07d2f99f0 WatcherThread "VM Periodic Task Thread"        [id=15560, stack(0x00000038e8800000,0x00000038e8900000) (1024K)]
  0x000001c05f31afc0 WorkerThread "GC Thread#0"                     [id=9732, stack(0x00000038e8300000,0x00000038e8400000) (1024K)]
  0x000001c07d829390 WorkerThread "GC Thread#1"                     [id=15672, stack(0x00000038e9300000,0x00000038e9400000) (1024K)]
  0x000001c07d829730 WorkerThread "GC Thread#2"                     [id=9456, stack(0x00000038e9500000,0x00000038e9600000) (1024K)]
  0x000001c07dbb9d70 WorkerThread "GC Thread#3"                     [id=15720, stack(0x00000038e9600000,0x00000038e9700000) (1024K)]
  0x000001c05f32bc20 ConcurrentGCThread "G1 Main Marker"            [id=4076, stack(0x00000038e8400000,0x00000038e8500000) (1024K)]
  0x000001c05f32cf30 WorkerThread "G1 Conc#0"                       [id=2076, stack(0x00000038e8500000,0x00000038e8600000) (1024K)]
  0x000001c07d1c30d0 ConcurrentGCThread "G1 Refine#0"               [id=16188, stack(0x00000038e8600000,0x00000038e8700000) (1024K)]
  0x000001c05f3799d0 ConcurrentGCThread "G1 Service"                [id=3592, stack(0x00000038e8700000,0x00000038e8800000) (1024K)]
Total: 10

Threads with active compile tasks:
C2 CompilerThread0     3678 1666       4       java.lang.invoke.MethodType::methodType (69 bytes)
Total: 1

VM state: not at safepoint (normal execution)

VM Mutex/Monitor currently owned by a thread: None

Heap address: 0x0000000081c00000, size: 2020 MB, Compressed Oops mode: 32-bit

CDS archive(s) mapped at: [0x000001c000000000-0x000001c000c90000-0x000001c000c90000), size 13172736, SharedBaseAddress: 0x000001c000000000, ArchiveRelocationMode: 1.
Compressed class space mapped at: 0x000001c001000000-0x000001c041000000, reserved size: 1073741824
Narrow klass base: 0x000001c000000000, Narrow klass shift: 0, Narrow klass range: 0x100000000

GC Precious Log:
 CardTable entry size: 512
 Card Set container configuration: InlinePtr #cards 5 size 8 Array Of Cards #cards 12 size 40 Howl #buckets 4 coarsen threshold 1843 Howl Bitmap #cards 512 size 80 coarsen threshold 460 Card regions per heap region 1 cards per card region 2048
 CPUs: 4 total, 4 available
 Memory: 8073M
 Large Page Support: Disabled
 NUMA Support: Disabled
 Compressed Oops: Enabled (32-bit)
 Heap Region Size: 1M
 Heap Min Capacity: 8M
 Heap Initial Capacity: 128M
 Heap Max Capacity: 2020M
 Pre-touch: Disabled
 Parallel Workers: 4
 Concurrent Workers: 1
 Concurrent Refinement Workers: 4
 Periodic GC: Disabled

Heap:
 garbage-first heap   total 131072K, used 19666K [0x0000000081c00000, 0x0000000100000000)
  region size 1024K, 16 young (16384K), 2 survivors (2048K)
 Metaspace       used 10995K, committed 11264K, reserved 1114112K
  class space    used 1413K, committed 1536K, reserved 1048576K

Heap Regions: E=young(eden), S=young(survivor), O=old, HS=humongous(starts), HC=humongous(continues), CS=collection set, F=free, TAMS=top-at-mark-start, PB=parsable bottom
|   0|0x0000000081c00000, 0x0000000081d00000, 0x0000000081d00000|100%| O|  |TAMS 0x0000000081c00000| PB 0x0000000081c00000| Untracked 
|   1|0x0000000081d00000, 0x0000000081e00000, 0x0000000081e00000|100%| O|  |TAMS 0x0000000081d00000| PB 0x0000000081d00000| Untracked 
|   2|0x0000000081e00000, 0x0000000081f00000, 0x0000000081f00000|100%| O|  |TAMS 0x0000000081e00000| PB 0x0000000081e00000| Untracked 
|   3|0x0000000081f00000, 0x0000000082000000, 0x0000000082000000|100%| O|  |TAMS 0x0000000081f00000| PB 0x0000000081f00000| Untracked 
|   4|0x0000000082000000, 0x000000008209aae8, 0x0000000082100000| 60%| O|  |TAMS 0x0000000082000000| PB 0x0000000082000000| Untracked 
|   5|0x0000000082100000, 0x0000000082100000, 0x0000000082200000|  0%| F|  |TAMS 0x0000000082100000| PB 0x0000000082100000| Untracked 
|   6|0x0000000082200000, 0x0000000082200000, 0x0000000082300000|  0%| F|  |TAMS 0x0000000082200000| PB 0x0000000082200000| Untracked 
|   7|0x0000000082300000, 0x0000000082300000, 0x0000000082400000|  0%| F|  |TAMS 0x0000000082300000| PB 0x0000000082300000| Untracked 
|   8|0x0000000082400000, 0x0000000082400000, 0x0000000082500000|  0%| F|  |TAMS 0x0000000082400000| PB 0x0000000082400000| Untracked 
|   9|0x0000000082500000, 0x0000000082500000, 0x0000000082600000|  0%| F|  |TAMS 0x0000000082500000| PB 0x0000000082500000| Untracked 
|  10|0x0000000082600000, 0x0000000082600000, 0x0000000082700000|  0%| F|  |TAMS 0x0000000082600000| PB 0x0000000082600000| Untracked 
|  11|0x0000000082700000, 0x0000000082700000, 0x0000000082800000|  0%| F|  |TAMS 0x0000000082700000| PB 0x0000000082700000| Untracked 
|  12|0x0000000082800000, 0x0000000082800000, 0x0000000082900000|  0%| F|  |TAMS 0x0000000082800000| PB 0x0000000082800000| Untracked 
|  13|0x0000000082900000, 0x0000000082900000, 0x0000000082a00000|  0%| F|  |TAMS 0x0000000082900000| PB 0x0000000082900000| Untracked 
|  14|0x0000000082a00000, 0x0000000082a00000, 0x0000000082b00000|  0%| F|  |TAMS 0x0000000082a00000| PB 0x0000000082a00000| Untracked 
|  15|0x0000000082b00000, 0x0000000082b00000, 0x0000000082c00000|  0%| F|  |TAMS 0x0000000082b00000| PB 0x0000000082b00000| Untracked 
|  16|0x0000000082c00000, 0x0000000082c00000, 0x0000000082d00000|  0%| F|  |TAMS 0x0000000082c00000| PB 0x0000000082c00000| Untracked 
|  17|0x0000000082d00000, 0x0000000082d00000, 0x0000000082e00000|  0%| F|  |TAMS 0x0000000082d00000| PB 0x0000000082d00000| Untracked 
|  18|0x0000000082e00000, 0x0000000082e00000, 0x0000000082f00000|  0%| F|  |TAMS 0x0000000082e00000| PB 0x0000000082e00000| Untracked 
|  19|0x0000000082f00000, 0x0000000082f00000, 0x0000000083000000|  0%| F|  |TAMS 0x0000000082f00000| PB 0x0000000082f00000| Untracked 
|  20|0x0000000083000000, 0x0000000083000000, 0x0000000083100000|  0%| F|  |TAMS 0x0000000083000000| PB 0x0000000083000000| Untracked 
|  21|0x0000000083100000, 0x0000000083100000, 0x0000000083200000|  0%| F|  |TAMS 0x0000000083100000| PB 0x0000000083100000| Untracked 
|  22|0x0000000083200000, 0x0000000083200000, 0x0000000083300000|  0%| F|  |TAMS 0x0000000083200000| PB 0x0000000083200000| Untracked 
|  23|0x0000000083300000, 0x0000000083300000, 0x0000000083400000|  0%| F|  |TAMS 0x0000000083300000| PB 0x0000000083300000| Untracked 
|  24|0x0000000083400000, 0x0000000083400000, 0x0000000083500000|  0%| F|  |TAMS 0x0000000083400000| PB 0x0000000083400000| Untracked 
|  25|0x0000000083500000, 0x0000000083500000, 0x0000000083600000|  0%| F|  |TAMS 0x0000000083500000| PB 0x0000000083500000| Untracked 
|  26|0x0000000083600000, 0x0000000083600000, 0x0000000083700000|  0%| F|  |TAMS 0x0000000083600000| PB 0x0000000083600000| Untracked 
|  27|0x0000000083700000, 0x0000000083700000, 0x0000000083800000|  0%| F|  |TAMS 0x0000000083700000| PB 0x0000000083700000| Untracked 
|  28|0x0000000083800000, 0x0000000083800000, 0x0000000083900000|  0%| F|  |TAMS 0x0000000083800000| PB 0x0000000083800000| Untracked 
|  29|0x0000000083900000, 0x0000000083900000, 0x0000000083a00000|  0%| F|  |TAMS 0x0000000083900000| PB 0x0000000083900000| Untracked 
|  30|0x0000000083a00000, 0x0000000083a00000, 0x0000000083b00000|  0%| F|  |TAMS 0x0000000083a00000| PB 0x0000000083a00000| Untracked 
|  31|0x0000000083b00000, 0x0000000083b00000, 0x0000000083c00000|  0%| F|  |TAMS 0x0000000083b00000| PB 0x0000000083b00000| Untracked 
|  32|0x0000000083c00000, 0x0000000083c00000, 0x0000000083d00000|  0%| F|  |TAMS 0x0000000083c00000| PB 0x0000000083c00000| Untracked 
|  33|0x0000000083d00000, 0x0000000083d00000, 0x0000000083e00000|  0%| F|  |TAMS 0x0000000083d00000| PB 0x0000000083d00000| Untracked 
|  34|0x0000000083e00000, 0x0000000083e00000, 0x0000000083f00000|  0%| F|  |TAMS 0x0000000083e00000| PB 0x0000000083e00000| Untracked 
|  35|0x0000000083f00000, 0x0000000083f00000, 0x0000000084000000|  0%| F|  |TAMS 0x0000000083f00000| PB 0x0000000083f00000| Untracked 
|  36|0x0000000084000000, 0x0000000084000000, 0x0000000084100000|  0%| F|  |TAMS 0x0000000084000000| PB 0x0000000084000000| Untracked 
|  37|0x0000000084100000, 0x0000000084100000, 0x0000000084200000|  0%| F|  |TAMS 0x0000000084100000| PB 0x0000000084100000| Untracked 
|  38|0x0000000084200000, 0x0000000084200000, 0x0000000084300000|  0%| F|  |TAMS 0x0000000084200000| PB 0x0000000084200000| Untracked 
|  39|0x0000000084300000, 0x0000000084300000, 0x0000000084400000|  0%| F|  |TAMS 0x0000000084300000| PB 0x0000000084300000| Untracked 
|  40|0x0000000084400000, 0x0000000084400000, 0x0000000084500000|  0%| F|  |TAMS 0x0000000084400000| PB 0x0000000084400000| Untracked 
|  41|0x0000000084500000, 0x0000000084500000, 0x0000000084600000|  0%| F|  |TAMS 0x0000000084500000| PB 0x0000000084500000| Untracked 
|  42|0x0000000084600000, 0x0000000084600000, 0x0000000084700000|  0%| F|  |TAMS 0x0000000084600000| PB 0x0000000084600000| Untracked 
|  43|0x0000000084700000, 0x0000000084700000, 0x0000000084800000|  0%| F|  |TAMS 0x0000000084700000| PB 0x0000000084700000| Untracked 
|  44|0x0000000084800000, 0x0000000084800000, 0x0000000084900000|  0%| F|  |TAMS 0x0000000084800000| PB 0x0000000084800000| Untracked 
|  45|0x0000000084900000, 0x0000000084900000, 0x0000000084a00000|  0%| F|  |TAMS 0x0000000084900000| PB 0x0000000084900000| Untracked 
|  46|0x0000000084a00000, 0x0000000084a00000, 0x0000000084b00000|  0%| F|  |TAMS 0x0000000084a00000| PB 0x0000000084a00000| Untracked 
|  47|0x0000000084b00000, 0x0000000084b00000, 0x0000000084c00000|  0%| F|  |TAMS 0x0000000084b00000| PB 0x0000000084b00000| Untracked 
|  48|0x0000000084c00000, 0x0000000084c00000, 0x0000000084d00000|  0%| F|  |TAMS 0x0000000084c00000| PB 0x0000000084c00000| Untracked 
|  49|0x0000000084d00000, 0x0000000084d00000, 0x0000000084e00000|  0%| F|  |TAMS 0x0000000084d00000| PB 0x0000000084d00000| Untracked 
|  50|0x0000000084e00000, 0x0000000084e00000, 0x0000000084f00000|  0%| F|  |TAMS 0x0000000084e00000| PB 0x0000000084e00000| Untracked 
|  51|0x0000000084f00000, 0x0000000084f00000, 0x0000000085000000|  0%| F|  |TAMS 0x0000000084f00000| PB 0x0000000084f00000| Untracked 
|  52|0x0000000085000000, 0x0000000085000000, 0x0000000085100000|  0%| F|  |TAMS 0x0000000085000000| PB 0x0000000085000000| Untracked 
|  53|0x0000000085100000, 0x0000000085100000, 0x0000000085200000|  0%| F|  |TAMS 0x0000000085100000| PB 0x0000000085100000| Untracked 
|  54|0x0000000085200000, 0x0000000085200000, 0x0000000085300000|  0%| F|  |TAMS 0x0000000085200000| PB 0x0000000085200000| Untracked 
|  55|0x0000000085300000, 0x0000000085300000, 0x0000000085400000|  0%| F|  |TAMS 0x0000000085300000| PB 0x0000000085300000| Untracked 
|  56|0x0000000085400000, 0x0000000085400000, 0x0000000085500000|  0%| F|  |TAMS 0x0000000085400000| PB 0x0000000085400000| Untracked 
|  57|0x0000000085500000, 0x0000000085500000, 0x0000000085600000|  0%| F|  |TAMS 0x0000000085500000| PB 0x0000000085500000| Untracked 
|  58|0x0000000085600000, 0x0000000085600000, 0x0000000085700000|  0%| F|  |TAMS 0x0000000085600000| PB 0x0000000085600000| Untracked 
|  59|0x0000000085700000, 0x0000000085700000, 0x0000000085800000|  0%| F|  |TAMS 0x0000000085700000| PB 0x0000000085700000| Untracked 
|  60|0x0000000085800000, 0x0000000085800000, 0x0000000085900000|  0%| F|  |TAMS 0x0000000085800000| PB 0x0000000085800000| Untracked 
|  61|0x0000000085900000, 0x0000000085900000, 0x0000000085a00000|  0%| F|  |TAMS 0x0000000085900000| PB 0x0000000085900000| Untracked 
|  62|0x0000000085a00000, 0x0000000085a00000, 0x0000000085b00000|  0%| F|  |TAMS 0x0000000085a00000| PB 0x0000000085a00000| Untracked 
|  63|0x0000000085b00000, 0x0000000085b00000, 0x0000000085c00000|  0%| F|  |TAMS 0x0000000085b00000| PB 0x0000000085b00000| Untracked 
|  64|0x0000000085c00000, 0x0000000085c00000, 0x0000000085d00000|  0%| F|  |TAMS 0x0000000085c00000| PB 0x0000000085c00000| Untracked 
|  65|0x0000000085d00000, 0x0000000085d00000, 0x0000000085e00000|  0%| F|  |TAMS 0x0000000085d00000| PB 0x0000000085d00000| Untracked 
|  66|0x0000000085e00000, 0x0000000085e00000, 0x0000000085f00000|  0%| F|  |TAMS 0x0000000085e00000| PB 0x0000000085e00000| Untracked 
|  67|0x0000000085f00000, 0x0000000085f00000, 0x0000000086000000|  0%| F|  |TAMS 0x0000000085f00000| PB 0x0000000085f00000| Untracked 
|  68|0x0000000086000000, 0x0000000086000000, 0x0000000086100000|  0%| F|  |TAMS 0x0000000086000000| PB 0x0000000086000000| Untracked 
|  69|0x0000000086100000, 0x0000000086100000, 0x0000000086200000|  0%| F|  |TAMS 0x0000000086100000| PB 0x0000000086100000| Untracked 
|  70|0x0000000086200000, 0x0000000086200000, 0x0000000086300000|  0%| F|  |TAMS 0x0000000086200000| PB 0x0000000086200000| Untracked 
|  71|0x0000000086300000, 0x0000000086300000, 0x0000000086400000|  0%| F|  |TAMS 0x0000000086300000| PB 0x0000000086300000| Untracked 
|  72|0x0000000086400000, 0x0000000086400000, 0x0000000086500000|  0%| F|  |TAMS 0x0000000086400000| PB 0x0000000086400000| Untracked 
|  73|0x0000000086500000, 0x0000000086500000, 0x0000000086600000|  0%| F|  |TAMS 0x0000000086500000| PB 0x0000000086500000| Untracked 
|  74|0x0000000086600000, 0x0000000086600000, 0x0000000086700000|  0%| F|  |TAMS 0x0000000086600000| PB 0x0000000086600000| Untracked 
|  75|0x0000000086700000, 0x0000000086700000, 0x0000000086800000|  0%| F|  |TAMS 0x0000000086700000| PB 0x0000000086700000| Untracked 
|  76|0x0000000086800000, 0x0000000086800000, 0x0000000086900000|  0%| F|  |TAMS 0x0000000086800000| PB 0x0000000086800000| Untracked 
|  77|0x0000000086900000, 0x0000000086900000, 0x0000000086a00000|  0%| F|  |TAMS 0x0000000086900000| PB 0x0000000086900000| Untracked 
|  78|0x0000000086a00000, 0x0000000086a00000, 0x0000000086b00000|  0%| F|  |TAMS 0x0000000086a00000| PB 0x0000000086a00000| Untracked 
|  79|0x0000000086b00000, 0x0000000086b00000, 0x0000000086c00000|  0%| F|  |TAMS 0x0000000086b00000| PB 0x0000000086b00000| Untracked 
|  80|0x0000000086c00000, 0x0000000086c00000, 0x0000000086d00000|  0%| F|  |TAMS 0x0000000086c00000| PB 0x0000000086c00000| Untracked 
|  81|0x0000000086d00000, 0x0000000086d00000, 0x0000000086e00000|  0%| F|  |TAMS 0x0000000086d00000| PB 0x0000000086d00000| Untracked 
|  82|0x0000000086e00000, 0x0000000086e00000, 0x0000000086f00000|  0%| F|  |TAMS 0x0000000086e00000| PB 0x0000000086e00000| Untracked 
|  83|0x0000000086f00000, 0x0000000086f00000, 0x0000000087000000|  0%| F|  |TAMS 0x0000000086f00000| PB 0x0000000086f00000| Untracked 
|  84|0x0000000087000000, 0x0000000087000000, 0x0000000087100000|  0%| F|  |TAMS 0x0000000087000000| PB 0x0000000087000000| Untracked 
|  85|0x0000000087100000, 0x0000000087100000, 0x0000000087200000|  0%| F|  |TAMS 0x0000000087100000| PB 0x0000000087100000| Untracked 
|  86|0x0000000087200000, 0x0000000087200000, 0x0000000087300000|  0%| F|  |TAMS 0x0000000087200000| PB 0x0000000087200000| Untracked 
|  87|0x0000000087300000, 0x0000000087300000, 0x0000000087400000|  0%| F|  |TAMS 0x0000000087300000| PB 0x0000000087300000| Untracked 
|  88|0x0000000087400000, 0x0000000087400000, 0x0000000087500000|  0%| F|  |TAMS 0x0000000087400000| PB 0x0000000087400000| Untracked 
|  89|0x0000000087500000, 0x0000000087500000, 0x0000000087600000|  0%| F|  |TAMS 0x0000000087500000| PB 0x0000000087500000| Untracked 
|  90|0x0000000087600000, 0x0000000087600000, 0x0000000087700000|  0%| F|  |TAMS 0x0000000087600000| PB 0x0000000087600000| Untracked 
|  91|0x0000000087700000, 0x0000000087700000, 0x0000000087800000|  0%| F|  |TAMS 0x0000000087700000| PB 0x0000000087700000| Untracked 
|  92|0x0000000087800000, 0x0000000087800000, 0x0000000087900000|  0%| F|  |TAMS 0x0000000087800000| PB 0x0000000087800000| Untracked 
|  93|0x0000000087900000, 0x0000000087900000, 0x0000000087a00000|  0%| F|  |TAMS 0x0000000087900000| PB 0x0000000087900000| Untracked 
|  94|0x0000000087a00000, 0x0000000087a00000, 0x0000000087b00000|  0%| F|  |TAMS 0x0000000087a00000| PB 0x0000000087a00000| Untracked 
|  95|0x0000000087b00000, 0x0000000087b00000, 0x0000000087c00000|  0%| F|  |TAMS 0x0000000087b00000| PB 0x0000000087b00000| Untracked 
|  96|0x0000000087c00000, 0x0000000087c00000, 0x0000000087d00000|  0%| F|  |TAMS 0x0000000087c00000| PB 0x0000000087c00000| Untracked 
|  97|0x0000000087d00000, 0x0000000087d00000, 0x0000000087e00000|  0%| F|  |TAMS 0x0000000087d00000| PB 0x0000000087d00000| Untracked 
|  98|0x0000000087e00000, 0x0000000087e00000, 0x0000000087f00000|  0%| F|  |TAMS 0x0000000087e00000| PB 0x0000000087e00000| Untracked 
|  99|0x0000000087f00000, 0x0000000087f00000, 0x0000000088000000|  0%| F|  |TAMS 0x0000000087f00000| PB 0x0000000087f00000| Untracked 
| 100|0x0000000088000000, 0x0000000088000000, 0x0000000088100000|  0%| F|  |TAMS 0x0000000088000000| PB 0x0000000088000000| Untracked 
| 101|0x0000000088100000, 0x0000000088100000, 0x0000000088200000|  0%| F|  |TAMS 0x0000000088100000| PB 0x0000000088100000| Untracked 
| 102|0x0000000088200000, 0x0000000088200000, 0x0000000088300000|  0%| F|  |TAMS 0x0000000088200000| PB 0x0000000088200000| Untracked 
| 103|0x0000000088300000, 0x0000000088300000, 0x0000000088400000|  0%| F|  |TAMS 0x0000000088300000| PB 0x0000000088300000| Untracked 
| 104|0x0000000088400000, 0x0000000088400000, 0x0000000088500000|  0%| F|  |TAMS 0x0000000088400000| PB 0x0000000088400000| Untracked 
| 105|0x0000000088500000, 0x0000000088500000, 0x0000000088600000|  0%| F|  |TAMS 0x0000000088500000| PB 0x0000000088500000| Untracked 
| 106|0x0000000088600000, 0x0000000088600000, 0x0000000088700000|  0%| F|  |TAMS 0x0000000088600000| PB 0x0000000088600000| Untracked 
| 107|0x0000000088700000, 0x0000000088700000, 0x0000000088800000|  0%| F|  |TAMS 0x0000000088700000| PB 0x0000000088700000| Untracked 
| 108|0x0000000088800000, 0x0000000088800000, 0x0000000088900000|  0%| F|  |TAMS 0x0000000088800000| PB 0x0000000088800000| Untracked 
| 109|0x0000000088900000, 0x0000000088999d38, 0x0000000088a00000| 60%| S|CS|TAMS 0x0000000088900000| PB 0x0000000088900000| Complete 
| 110|0x0000000088a00000, 0x0000000088b00000, 0x0000000088b00000|100%| S|CS|TAMS 0x0000000088a00000| PB 0x0000000088a00000| Complete 
| 111|0x0000000088b00000, 0x0000000088b00000, 0x0000000088c00000|  0%| F|  |TAMS 0x0000000088b00000| PB 0x0000000088b00000| Untracked 
| 112|0x0000000088c00000, 0x0000000088c00000, 0x0000000088d00000|  0%| F|  |TAMS 0x0000000088c00000| PB 0x0000000088c00000| Untracked 
| 113|0x0000000088d00000, 0x0000000088d00000, 0x0000000088e00000|  0%| F|  |TAMS 0x0000000088d00000| PB 0x0000000088d00000| Untracked 
| 114|0x0000000088e00000, 0x0000000088f00000, 0x0000000088f00000|100%| E|  |TAMS 0x0000000088e00000| PB 0x0000000088e00000| Complete 
| 115|0x0000000088f00000, 0x0000000089000000, 0x0000000089000000|100%| E|CS|TAMS 0x0000000088f00000| PB 0x0000000088f00000| Complete 
| 116|0x0000000089000000, 0x0000000089100000, 0x0000000089100000|100%| E|CS|TAMS 0x0000000089000000| PB 0x0000000089000000| Complete 
| 117|0x0000000089100000, 0x0000000089200000, 0x0000000089200000|100%| E|CS|TAMS 0x0000000089100000| PB 0x0000000089100000| Complete 
| 118|0x0000000089200000, 0x0000000089300000, 0x0000000089300000|100%| E|CS|TAMS 0x0000000089200000| PB 0x0000000089200000| Complete 
| 119|0x0000000089300000, 0x0000000089400000, 0x0000000089400000|100%| E|CS|TAMS 0x0000000089300000| PB 0x0000000089300000| Complete 
| 120|0x0000000089400000, 0x0000000089500000, 0x0000000089500000|100%| E|CS|TAMS 0x0000000089400000| PB 0x0000000089400000| Complete 
| 121|0x0000000089500000, 0x0000000089600000, 0x0000000089600000|100%| E|CS|TAMS 0x0000000089500000| PB 0x0000000089500000| Complete 
| 122|0x0000000089600000, 0x0000000089700000, 0x0000000089700000|100%| E|CS|TAMS 0x0000000089600000| PB 0x0000000089600000| Complete 
| 123|0x0000000089700000, 0x0000000089800000, 0x0000000089800000|100%| E|CS|TAMS 0x0000000089700000| PB 0x0000000089700000| Complete 
| 124|0x0000000089800000, 0x0000000089900000, 0x0000000089900000|100%| E|CS|TAMS 0x0000000089800000| PB 0x0000000089800000| Complete 
| 125|0x0000000089900000, 0x0000000089a00000, 0x0000000089a00000|100%| E|CS|TAMS 0x0000000089900000| PB 0x0000000089900000| Complete 
| 126|0x0000000089a00000, 0x0000000089b00000, 0x0000000089b00000|100%| E|CS|TAMS 0x0000000089a00000| PB 0x0000000089a00000| Complete 
| 127|0x0000000089b00000, 0x0000000089c00000, 0x0000000089c00000|100%| E|CS|TAMS 0x0000000089b00000| PB 0x0000000089b00000| Complete 

Card table byte_map: [0x000001c078970000,0x000001c078d70000] _byte_map_base: 0x000001c078562000

Marking Bits: (CMBitMap*) 0x000001c05f31b6c0
 Bits: [0x000001c078d70000, 0x000001c07ad00000)

Polling page: 0x000001c05f380000

Metaspace:

Usage:
  Non-class:      9.37 MB used.
      Class:      1.38 MB used.
       Both:     10.75 MB used.

Virtual space:
  Non-class space:       64.00 MB reserved,       9.50 MB ( 15%) committed,  1 nodes.
      Class space:        1.00 GB reserved,       1.50 MB ( <1%) committed,  1 nodes.
             Both:        1.06 GB reserved,      11.00 MB (  1%) committed. 

Chunk freelists:
   Non-Class:  6.23 MB
       Class:  14.53 MB
        Both:  20.76 MB

MaxMetaspaceSize: unlimited
CompressedClassSpaceSize: 1.00 GB
Initial GC threshold: 21.00 MB
Current GC threshold: 21.00 MB
CDS: on
 - commit_granule_bytes: 65536.
 - commit_granule_words: 8192.
 - virtual_space_node_default_size: 8388608.
 - enlarge_chunks_in_place: 1.
 - use_allocation_guard: 0.


Internal statistics:

num_allocs_failed_limit: 0.
num_arena_births: 226.
num_arena_deaths: 0.
num_vsnodes_births: 2.
num_vsnodes_deaths: 0.
num_space_committed: 176.
num_space_uncommitted: 0.
num_chunks_returned_to_freelist: 0.
num_chunks_taken_from_freelist: 624.
num_chunk_merges: 0.
num_chunk_splits: 363.
num_chunks_enlarged: 232.
num_inconsistent_stats: 0.

CodeHeap 'non-profiled nmethods': size=120000Kb used=649Kb max_used=649Kb free=119350Kb
 bounds [0x000001c070a20000, 0x000001c070c90000, 0x000001c077f50000]
CodeHeap 'profiled nmethods': size=120000Kb used=3235Kb max_used=3235Kb free=116764Kb
 bounds [0x000001c068f50000, 0x000001c069280000, 0x000001c070480000]
CodeHeap 'non-nmethods': size=5760Kb used=1390Kb max_used=1417Kb free=4369Kb
 bounds [0x000001c070480000, 0x000001c0706f0000, 0x000001c070a20000]
 total_blobs=2181 nmethods=1696 adapters=390
 compilation: enabled
              stopped_count=0, restarted_count=0
 full_count=0

Compilation events (20 events):
Event: 3.552 Thread 0x000001c07d3353a0 1679       3       org.springframework.core.annotation.AnnotationsScanner::hasPlainJavaAnnotationsOnly (26 bytes)
Event: 3.552 Thread 0x000001c07d3353a0 nmethod 1679 0x000001c069271910 code [0x000001c069271ae0, 0x000001c069271e10]
Event: 3.552 Thread 0x000001c07d3353a0 1680       3       org.springframework.core.annotation.RepeatableContainers::standardRepeatables (4 bytes)
Event: 3.553 Thread 0x000001c07d3353a0 nmethod 1680 0x000001c069271f90 code [0x000001c069272120, 0x000001c069272218]
Event: 3.554 Thread 0x000001c07d3353a0 1681       3       jdk.internal.misc.Unsafe::shouldBeInitialized (18 bytes)
Event: 3.554 Thread 0x000001c07d3353a0 nmethod 1681 0x000001c069272290 code [0x000001c069272460, 0x000001c0692726a8]
Event: 3.559 Thread 0x000001c07d3353a0 1682       3       java.util.concurrent.CopyOnWriteArrayList::size (6 bytes)
Event: 3.559 Thread 0x000001c07d3353a0 nmethod 1682 0x000001c069272790 code [0x000001c069272920, 0x000001c069272a48]
Event: 3.570 Thread 0x000001c07d3353a0 1683       3       java.lang.ref.ReferenceQueue::<init> (32 bytes)
Event: 3.571 Thread 0x000001c07d3353a0 nmethod 1683 0x000001c069272b10 code [0x000001c069272d20, 0x000001c0692735b8]
Event: 3.573 Thread 0x000001c07d3353a0 1684       3       java.lang.ref.SoftReference::<init> (14 bytes)
Event: 3.574 Thread 0x000001c07d3353a0 nmethod 1684 0x000001c069273890 code [0x000001c069273a40, 0x000001c069273d28]
Event: 3.574 Thread 0x000001c07d3353a0 1685       3       org.springframework.util.ConcurrentReferenceHashMap$ReferenceManager::createReference (43 bytes)
Event: 3.575 Thread 0x000001c07d3353a0 nmethod 1685 0x000001c069273e10 code [0x000001c069274000, 0x000001c069274578]
Event: 3.575 Thread 0x000001c07d3353a0 1686       3       org.springframework.util.ConcurrentReferenceHashMap$SoftEntryReference::<init> (18 bytes)
Event: 3.575 Thread 0x000001c07d3353a0 nmethod 1686 0x000001c069274790 code [0x000001c069274960, 0x000001c069274d00]
Event: 3.595 Thread 0x000001c07d3353a0 1687       3       java.lang.StackStreamFactory$FrameBuffer::isEmpty (32 bytes)
Event: 3.595 Thread 0x000001c07d3353a0 nmethod 1687 0x000001c069274e10 code [0x000001c069274fc0, 0x000001c069275190]
Event: 3.595 Thread 0x000001c07d3353a0 1688       3       java.lang.StackWalker::hasOption (11 bytes)
Event: 3.595 Thread 0x000001c07d3353a0 nmethod 1688 0x000001c069275210 code [0x000001c0692753c0, 0x000001c069275598]

GC Heap History (4 events):
Event: 1.595 GC heap before
{Heap before GC invocations=0 (full 0):
 garbage-first heap   total 131072K, used 12288K [0x0000000081c00000, 0x0000000100000000)
  region size 1024K, 13 young (13312K), 0 survivors (0K)
 Metaspace       used 3248K, committed 3456K, reserved 1114112K
  class space    used 354K, committed 448K, reserved 1048576K
}
Event: 1.603 GC heap after
{Heap after GC invocations=1 (full 0):
 garbage-first heap   total 131072K, used 4889K [0x0000000081c00000, 0x0000000100000000)
  region size 1024K, 2 young (2048K), 2 survivors (2048K)
 Metaspace       used 3248K, committed 3456K, reserved 1114112K
  class space    used 354K, committed 448K, reserved 1048576K
}
Event: 2.748 GC heap before
{Heap before GC invocations=1 (full 0):
 garbage-first heap   total 131072K, used 20249K [0x0000000081c00000, 0x0000000100000000)
  region size 1024K, 17 young (17408K), 2 survivors (2048K)
 Metaspace       used 7642K, committed 7936K, reserved 1114112K
  class space    used 938K, committed 1088K, reserved 1048576K
}
Event: 2.756 GC heap after
{Heap after GC invocations=2 (full 0):
 garbage-first heap   total 131072K, used 6354K [0x0000000081c00000, 0x0000000100000000)
  region size 1024K, 2 young (2048K), 2 survivors (2048K)
 Metaspace       used 7642K, committed 7936K, reserved 1114112K
  class space    used 938K, committed 1088K, reserved 1048576K
}

Dll operation events (10 events):
Event: 0.064 Loaded shared library D:\NewJava\jdk21\bin\java.dll
Event: 0.179 Loaded shared library D:\NewJava\jdk21\bin\jsvml.dll
Event: 0.656 Loaded shared library D:\NewJava\jdk21\bin\zip.dll
Event: 0.667 Loaded shared library D:\NewJava\jdk21\bin\instrument.dll
Event: 0.679 Loaded shared library D:\NewJava\jdk21\bin\net.dll
Event: 0.685 Loaded shared library D:\NewJava\jdk21\bin\nio.dll
Event: 0.698 Loaded shared library D:\NewJava\jdk21\bin\zip.dll
Event: 0.748 Loaded shared library D:\RealCSTools\intelliJ\IntelliJIDEA2024.2.1\bin\breakgen64.dll
Event: 0.789 Loaded shared library D:\NewJava\jdk21\bin\extnet.dll
Event: 0.906 Loaded shared library D:\NewJava\jdk21\bin\jimage.dll

Deoptimization events (20 events):
Event: 2.904 Thread 0x000001c05f2c3180 DEOPT PACKING pc=0x000001c070a9a90c sp=0x00000038e82fc520
Event: 2.904 Thread 0x000001c05f2c3180 DEOPT UNPACKING pc=0x000001c0704d469c sp=0x00000038e82fc378 mode 2
Event: 2.904 Thread 0x000001c05f2c3180 Uncommon trap: trap_request=0xffffff45 fr.pc=0x000001c070a5c124 relative=0x0000000000000164
Event: 2.904 Thread 0x000001c05f2c3180 Uncommon trap: reason=unstable_if action=reinterpret pc=0x000001c070a5c124 method=java.util.zip.ZipCoder.hash(Ljava/lang/String;)I @ 23 c2
Event: 2.904 Thread 0x000001c05f2c3180 DEOPT PACKING pc=0x000001c070a5c124 sp=0x00000038e82fc480
Event: 2.904 Thread 0x000001c05f2c3180 DEOPT UNPACKING pc=0x000001c0704d469c sp=0x00000038e82fc408 mode 2
Event: 2.905 Thread 0x000001c05f2c3180 Uncommon trap: trap_request=0xffffff45 fr.pc=0x000001c070a78d04 relative=0x0000000000000244
Event: 2.905 Thread 0x000001c05f2c3180 Uncommon trap: reason=unstable_if action=reinterpret pc=0x000001c070a78d04 method=java.io.WinNTFileSystem.normalize(Ljava/lang/String;)Ljava/lang/String; @ 128 c2
Event: 2.905 Thread 0x000001c05f2c3180 DEOPT PACKING pc=0x000001c070a78d04 sp=0x00000038e82fc460
Event: 2.905 Thread 0x000001c05f2c3180 DEOPT UNPACKING pc=0x000001c0704d469c sp=0x00000038e82fc3d8 mode 2
Event: 2.910 Thread 0x000001c05f2c3180 Uncommon trap: trap_request=0xffffff45 fr.pc=0x000001c070a47674 relative=0x0000000000000054
Event: 2.910 Thread 0x000001c05f2c3180 Uncommon trap: reason=unstable_if action=reinterpret pc=0x000001c070a47674 method=sun.nio.fs.WindowsPathParser.isSlash(C)Z @ 9 c2
Event: 2.910 Thread 0x000001c05f2c3180 DEOPT PACKING pc=0x000001c070a47674 sp=0x00000038e82fc700
Event: 2.910 Thread 0x000001c05f2c3180 DEOPT UNPACKING pc=0x000001c0704d469c sp=0x00000038e82fc688 mode 2
Event: 3.186 Thread 0x000001c05f2c3180 Uncommon trap: trap_request=0xffffff45 fr.pc=0x000001c070a65e98 relative=0x00000000000000f8
Event: 3.186 Thread 0x000001c05f2c3180 Uncommon trap: reason=unstable_if action=reinterpret pc=0x000001c070a65e98 method=sun.reflect.generics.parser.SignatureParser.current()C @ 39 c2
Event: 3.186 Thread 0x000001c05f2c3180 DEOPT PACKING pc=0x000001c070a65e98 sp=0x00000038e82fb5c0
Event: 3.186 Thread 0x000001c05f2c3180 DEOPT UNPACKING pc=0x000001c0704d469c sp=0x00000038e82fb558 mode 2
Event: 3.475 Thread 0x000001c05f2c3180 DEOPT PACKING pc=0x000001c06921f3df sp=0x00000038e82fc280
Event: 3.475 Thread 0x000001c05f2c3180 DEOPT UNPACKING pc=0x000001c0704d4e23 sp=0x00000038e82fb758 mode 0

Classes loaded (20 events):
Event: 3.587 Loading class java/util/concurrent/CountDownLatch
Event: 3.587 Loading class java/util/concurrent/CountDownLatch done
Event: 3.587 Loading class java/util/concurrent/CountDownLatch$Sync
Event: 3.587 Loading class java/util/concurrent/CountDownLatch$Sync done
Event: 3.588 Loading class java/lang/StackWalker$Option
Event: 3.588 Loading class java/lang/StackWalker$Option done
Event: 3.589 Loading class java/lang/StackStreamFactory
Event: 3.589 Loading class java/lang/StackStreamFactory done
Event: 3.589 Loading class java/lang/StackWalker$ExtendedOption
Event: 3.590 Loading class java/lang/StackWalker$ExtendedOption done
Event: 3.590 Loading class java/lang/StackStreamFactory$StackFrameTraverser
Event: 3.590 Loading class java/lang/StackStreamFactory$StackFrameTraverser done
Event: 3.590 Loading class java/lang/StackStreamFactory$WalkerState
Event: 3.590 Loading class java/lang/StackStreamFactory$WalkerState done
Event: 3.590 Loading class java/lang/StackStreamFactory$StackFrameTraverser$StackFrameBuffer
Event: 3.591 Loading class java/lang/StackStreamFactory$FrameBuffer
Event: 3.591 Loading class java/lang/StackStreamFactory$FrameBuffer done
Event: 3.591 Loading class java/lang/StackStreamFactory$StackFrameTraverser$StackFrameBuffer done
Event: 3.602 Loading class java/nio/file/InvalidPathException
Event: 3.602 Loading class java/nio/file/InvalidPathException done

Classes unloaded (0 events):
No events

Classes redefined (0 events):
No events

Internal exceptions (20 events):
Event: 2.184 Thread 0x000001c05f2c3180 Exception <a 'java/lang/ClassNotFoundException'{0x0000000089440b50}: javax/smartcardio/CardPermission> (0x0000000089440b50) 
thrown [s\open\src\hotspot\share\classfile\systemDictionary.cpp, line 312]
Event: 2.192 Thread 0x000001c05f2c3180 Exception <a 'java/io/FileNotFoundException'{0x000000008944f440}> (0x000000008944f440) 
thrown [s\open\src\hotspot\share\prims\jni.cpp, line 520]
Event: 2.239 Thread 0x000001c05f2c3180 Exception <a 'java/lang/NoSuchMethodError'{0x00000000894db450}: 'java.lang.Object java.lang.invoke.DirectMethodHandle$Holder.invokeSpecial(java.lang.Object, java.lang.Object, java.lang.Object, long, java.lang.Object)'> (0x00000000894db450) 
thrown [s\open\src\hotspot\share\interpreter\linkResolver.cpp, line 773]
Event: 2.240 Thread 0x000001c05f2c3180 Exception <a 'java/lang/NoSuchMethodError'{0x00000000894df050}: 'java.lang.Object java.lang.invoke.Invokers$Holder.linkToTargetMethod(java.lang.Object, long, java.lang.Object, java.lang.Object)'> (0x00000000894df050) 
thrown [s\open\src\hotspot\share\interpreter\linkResolver.cpp, line 773]
Event: 2.558 Thread 0x000001c05f2c3180 Exception <a 'java/lang/NoSuchMethodError'{0x0000000088f15410}: 'int java.lang.invoke.DirectMethodHandle$Holder.invokeStaticInit(java.lang.Object, java.lang.Object, java.lang.Object)'> (0x0000000088f15410) 
thrown [s\open\src\hotspot\share\interpreter\linkResolver.cpp, line 773]
Event: 2.612 Thread 0x000001c05f2c3180 Exception <a 'java/lang/NoSuchMethodError'{0x0000000088c28ff8}: 'int java.lang.invoke.DirectMethodHandle$Holder.invokeInterface(java.lang.Object, java.lang.Object)'> (0x0000000088c28ff8) 
thrown [s\open\src\hotspot\share\interpreter\linkResolver.cpp, line 773]
Event: 2.658 Thread 0x000001c05f2c3180 Exception <a 'java/lang/NoSuchMethodError'{0x0000000088b1ae18}: 'void java.lang.invoke.DirectMethodHandle$Holder.invokeStaticInit(java.lang.Object, java.lang.Object)'> (0x0000000088b1ae18) 
thrown [s\open\src\hotspot\share\interpreter\linkResolver.cpp, line 773]
Event: 2.730 Thread 0x000001c05f2c3180 Exception <a 'java/lang/NoSuchMethodError'{0x0000000088bbf018}: 'int java.lang.invoke.DirectMethodHandle$Holder.invokeVirtual(java.lang.Object, java.lang.Object, java.lang.Object)'> (0x0000000088bbf018) 
thrown [s\open\src\hotspot\share\interpreter\linkResolver.cpp, line 773]
Event: 2.818 Thread 0x000001c05f2c3180 Exception <a 'java/lang/IncompatibleClassChangeError'{0x0000000089a28f48}: Found class java.lang.Object, but interface was expected> (0x0000000089a28f48) 
thrown [s\open\src\hotspot\share\interpreter\linkResolver.cpp, line 840]
Event: 2.901 Thread 0x000001c05f2c3180 Exception <a 'java/lang/NoSuchMethodError'{0x000000008993e040}: 'int java.lang.invoke.DirectMethodHandle$Holder.invokeSpecial(java.lang.Object, java.lang.Object, java.lang.Object, java.lang.Object)'> (0x000000008993e040) 
thrown [s\open\src\hotspot\share\interpreter\linkResolver.cpp, line 773]
Event: 2.915 Thread 0x000001c05f2c3180 Exception <a 'java/lang/NoSuchMethodError'{0x000000008995bd68}: 'int java.lang.invoke.DirectMethodHandle$Holder.invokeSpecial(java.lang.Object, java.lang.Object, java.lang.Object, java.lang.Object, java.lang.Object)'> (0x000000008995bd68) 
thrown [s\open\src\hotspot\share\interpreter\linkResolver.cpp, line 773]
Event: 2.921 Thread 0x000001c05f2c3180 Exception <a 'java/lang/NoSuchMethodError'{0x00000000899643e0}: 'void java.lang.invoke.DirectMethodHandle$Holder.invokeVirtual(java.lang.Object, java.lang.Object)'> (0x00000000899643e0) 
thrown [s\open\src\hotspot\share\interpreter\linkResolver.cpp, line 773]
Event: 3.098 Thread 0x000001c05f2c3180 Exception <a 'java/lang/NoSuchMethodError'{0x000000008961e9f8}: 'void java.lang.invoke.DirectMethodHandle$Holder.invokeVirtual(java.lang.Object, java.lang.Object, java.lang.Object, java.lang.Object)'> (0x000000008961e9f8) 
thrown [s\open\src\hotspot\share\interpreter\linkResolver.cpp, line 773]
Event: 3.386 Thread 0x000001c05f2c3180 Exception <a 'java/lang/NoSuchMethodError'{0x000000008927ff98}: 'java.lang.Object java.lang.invoke.DirectMethodHandle$Holder.newInvokeSpecial(java.lang.Object, java.lang.Object, java.lang.Object, java.lang.Object, java.lang.Object, java.lang.Object, java.lang.Object)'> (0x000000008927ff98) 
thrown [s\open\src\hotspot\share\interpreter\linkResolver.cpp, line 773]
Event: 3.465 Thread 0x000001c05f2c3180 Exception <a 'java/lang/NoSuchMethodError'{0x0000000089000970}: 'java.lang.Object java.lang.invoke.DirectMethodHandle$Holder.invokeInterface(java.lang.Object, java.lang.Object, java.lang.Object, java.lang.Object)'> (0x0000000089000970) 
thrown [s\open\src\hotspot\share\interpreter\linkResolver.cpp, line 773]
Event: 3.472 Thread 0x000001c05f2c3180 Exception <a 'java/lang/NoSuchMethodError'{0x000000008901d840}: 'java.lang.Object java.lang.invoke.DirectMethodHandle$Holder.newInvokeSpecial(java.lang.Object, java.lang.Object, java.lang.Object, java.lang.Object, int)'> (0x000000008901d840) 
thrown [s\open\src\hotspot\share\interpreter\linkResolver.cpp, line 773]
Event: 3.474 Thread 0x000001c05f2c3180 Exception <a 'java/lang/NoSuchMethodError'{0x0000000089021d88}: 'java.lang.Object java.lang.invoke.DirectMethodHandle$Holder.invokeSpecial(java.lang.Object, java.lang.Object, java.lang.Object, java.lang.Object, java.lang.Object, int)'> (0x0000000089021d88) 
thrown [s\open\src\hotspot\share\interpreter\linkResolver.cpp, line 773]
Event: 3.474 Thread 0x000001c05f2c3180 Exception <a 'java/lang/NoSuchMethodError'{0x0000000089025aa8}: 'java.lang.Object java.lang.invoke.Invokers$Holder.linkToTargetMethod(java.lang.Object, java.lang.Object, java.lang.Object, int, java.lang.Object)'> (0x0000000089025aa8) 
thrown [s\open\src\hotspot\share\interpreter\linkResolver.cpp, line 773]
Event: 3.486 Thread 0x000001c05f2c3180 Exception <a 'java/lang/NoSuchMethodError'{0x0000000089054c50}: 'java.lang.Object java.lang.invoke.DirectMethodHandle$Holder.invokeInterface(java.lang.Object, java.lang.Object, java.lang.Object, java.lang.Object, java.lang.Object)'> (0x0000000089054c50) 
thrown [s\open\src\hotspot\share\interpreter\linkResolver.cpp, line 773]
Event: 3.486 Thread 0x000001c05f2c3180 Exception <a 'java/lang/IncompatibleClassChangeError'{0x0000000089058778}: Found class java.lang.Object, but interface was expected> (0x0000000089058778) 
thrown [s\open\src\hotspot\share\interpreter\linkResolver.cpp, line 840]

ZGC Phase Switch (0 events):
No events

VM Operations (20 events):
Event: 1.309 Executing VM operation: Cleanup
Event: 1.309 Executing VM operation: Cleanup done
Event: 1.595 Executing VM operation: G1CollectForAllocation (G1 Evacuation Pause)
Event: 1.603 Executing VM operation: G1CollectForAllocation (G1 Evacuation Pause) done
Event: 1.756 Executing VM operation: HandshakeAllThreads (Deoptimize)
Event: 1.756 Executing VM operation: HandshakeAllThreads (Deoptimize) done
Event: 1.852 Executing VM operation: HandshakeAllThreads (Deoptimize)
Event: 1.852 Executing VM operation: HandshakeAllThreads (Deoptimize) done
Event: 2.429 Executing VM operation: HandshakeAllThreads (Deoptimize)
Event: 2.429 Executing VM operation: HandshakeAllThreads (Deoptimize) done
Event: 2.430 Executing VM operation: HandshakeAllThreads (Deoptimize)
Event: 2.430 Executing VM operation: HandshakeAllThreads (Deoptimize) done
Event: 2.748 Executing VM operation: G1CollectForAllocation (G1 Evacuation Pause)
Event: 2.756 Executing VM operation: G1CollectForAllocation (G1 Evacuation Pause) done
Event: 2.846 Executing VM operation: HandshakeAllThreads (Deoptimize)
Event: 2.846 Executing VM operation: HandshakeAllThreads (Deoptimize) done
Event: 3.088 Executing VM operation: HandshakeAllThreads (Deoptimize)
Event: 3.088 Executing VM operation: HandshakeAllThreads (Deoptimize) done
Event: 3.495 Executing VM operation: HandshakeAllThreads (Deoptimize)
Event: 3.495 Executing VM operation: HandshakeAllThreads (Deoptimize) done

Events (17 events):
Event: 0.104 Thread 0x000001c05f2c3180 Thread added: 0x000001c05f2c3180
Event: 0.159 Thread 0x000001c07d32aed0 Thread added: 0x000001c07d32aed0
Event: 0.159 Thread 0x000001c07d32deb0 Thread added: 0x000001c07d32deb0
Event: 0.160 Thread 0x000001c07d330c40 Thread added: 0x000001c07d330c40
Event: 0.161 Thread 0x000001c07d3316a0 Thread added: 0x000001c07d3316a0
Event: 0.161 Thread 0x000001c07d332100 Thread added: 0x000001c07d332100
Event: 0.161 Thread 0x000001c07d332b60 Thread added: 0x000001c07d332b60
Event: 0.161 Thread 0x000001c07d3338f0 Thread added: 0x000001c07d3338f0
Event: 0.163 Thread 0x000001c07d3353a0 Thread added: 0x000001c07d3353a0
Event: 0.598 Thread 0x000001c07d4cb9b0 Thread added: 0x000001c07d4cb9b0
Event: 0.749 Thread 0x000001c07d5ca8c0 Thread added: 0x000001c07d5ca8c0
Event: 0.750 Thread 0x000001c07d5caf30 Thread added: 0x000001c07d5caf30
Event: 0.828 Thread 0x000001c07d5ca8c0 Thread exited: 0x000001c07d5ca8c0
Event: 1.016 Thread 0x000001c07d8b9930 Thread added: 0x000001c07d8b9930
Event: 1.219 Thread 0x000001c07d8b9930 Thread exited: 0x000001c07d8b9930
Event: 2.175 Thread 0x000001c07dff77f0 Thread added: 0x000001c07dff77f0
Event: 3.259 Thread 0x000001c07dff77f0 Thread exited: 0x000001c07dff77f0


Dynamic libraries:
0x00007ff634430000 - 0x00007ff634440000 	D:\NewJava\jdk21\bin\java.exe
0x00007ffb72040000 - 0x00007ffb72230000 	C:\WINDOWS\SYSTEM32\ntdll.dll
0x00007ffb71da0000 - 0x00007ffb71e52000 	C:\WINDOWS\System32\KERNEL32.DLL
0x00007ffb6eff0000 - 0x00007ffb6f293000 	C:\WINDOWS\System32\KERNELBASE.dll
0x00007ffb6f4a0000 - 0x00007ffb6f59a000 	C:\WINDOWS\System32\ucrtbase.dll
0x00007ffb617c0000 - 0x00007ffb617d9000 	D:\NewJava\jdk21\bin\jli.dll
0x00007ffb71ec0000 - 0x00007ffb71f63000 	C:\WINDOWS\System32\ADVAPI32.dll
0x00007ffb617a0000 - 0x00007ffb617bb000 	D:\NewJava\jdk21\bin\VCRUNTIME140.dll
0x00007ffb70460000 - 0x00007ffb704fe000 	C:\WINDOWS\System32\msvcrt.dll
0x00007ffb71090000 - 0x00007ffb71127000 	C:\WINDOWS\System32\sechost.dll
0x00007ffb70c00000 - 0x00007ffb70d20000 	C:\WINDOWS\System32\RPCRT4.dll
0x00007ffb70230000 - 0x00007ffb703c4000 	C:\WINDOWS\System32\USER32.dll
0x00007ffb6f940000 - 0x00007ffb6f961000 	C:\WINDOWS\System32\win32u.dll
0x00007ffb70bd0000 - 0x00007ffb70bf6000 	C:\WINDOWS\System32\GDI32.dll
0x00007ffb6f2a0000 - 0x00007ffb6f434000 	C:\WINDOWS\System32\gdi32full.dll
0x00007ffb6f6a0000 - 0x00007ffb6f73e000 	C:\WINDOWS\System32\msvcp_win.dll
0x00007ffb61810000 - 0x00007ffb61a95000 	C:\WINDOWS\WinSxS\amd64_microsoft.windows.common-controls_6595b64144ccf1df_6.0.18362.657_none_e6c5b579130e3898\COMCTL32.dll
0x00007ffb707e0000 - 0x00007ffb70b16000 	C:\WINDOWS\System32\combase.dll
0x00007ffb6f620000 - 0x00007ffb6f6a0000 	C:\WINDOWS\System32\bcryptPrimitives.dll
0x00007ffb646f0000 - 0x00007ffb646fa000 	C:\WINDOWS\SYSTEM32\VERSION.dll
0x00007ffb71f70000 - 0x00007ffb71f9e000 	C:\WINDOWS\System32\IMM32.DLL
0x00007ffb61790000 - 0x00007ffb6179c000 	D:\NewJava\jdk21\bin\vcruntime140_1.dll
0x00007ffb2a940000 - 0x00007ffb2a9ce000 	D:\NewJava\jdk21\bin\msvcp140.dll
0x00007ffb18630000 - 0x00007ffb1933d000 	D:\NewJava\jdk21\bin\server\jvm.dll
0x00007ffb6ef80000 - 0x00007ffb6efca000 	C:\WINDOWS\System32\POWRPROF.dll
0x00007ffb6ef10000 - 0x00007ffb6ef20000 	C:\WINDOWS\System32\UMPDC.dll
0x00007ffb711b0000 - 0x00007ffb7121f000 	C:\WINDOWS\System32\WS2_32.dll
0x00007ffb6b8c0000 - 0x00007ffb6b8e4000 	C:\WINDOWS\SYSTEM32\WINMM.dll
0x00007ffb6b890000 - 0x00007ffb6b8bd000 	C:\WINDOWS\SYSTEM32\WINMMBASE.dll
0x00007ffb6f5a0000 - 0x00007ffb6f5ea000 	C:\WINDOWS\System32\cfgmgr32.dll
0x00007ffb6ef20000 - 0x00007ffb6ef31000 	C:\WINDOWS\System32\kernel.appcore.dll
0x00007ffb615e0000 - 0x00007ffb615ea000 	D:\NewJava\jdk21\bin\jimage.dll
0x00007ffb6d7f0000 - 0x00007ffb6d9e4000 	C:\WINDOWS\SYSTEM32\DBGHELP.DLL
0x00007ffb64820000 - 0x00007ffb6484a000 	C:\WINDOWS\SYSTEM32\dbgcore.DLL
0x00007ffb64eb0000 - 0x00007ffb64ebf000 	D:\NewJava\jdk21\bin\instrument.dll
0x00007ffb542d0000 - 0x00007ffb542ef000 	D:\NewJava\jdk21\bin\java.dll
0x00007ffb71220000 - 0x00007ffb71905000 	C:\WINDOWS\System32\SHELL32.dll
0x00007ffb70b20000 - 0x00007ffb70bc9000 	C:\WINDOWS\System32\shcore.dll
0x00007ffb6f970000 - 0x00007ffb700ef000 	C:\WINDOWS\System32\windows.storage.dll
0x00007ffb6ef40000 - 0x00007ffb6ef5f000 	C:\WINDOWS\System32\profapi.dll
0x00007ffb703d0000 - 0x00007ffb70422000 	C:\WINDOWS\System32\shlwapi.dll
0x00007ffb6efd0000 - 0x00007ffb6efe7000 	C:\WINDOWS\System32\cryptsp.dll
0x00007ffb2a4e0000 - 0x00007ffb2a5b7000 	D:\NewJava\jdk21\bin\jsvml.dll
0x00007ffb54250000 - 0x00007ffb54268000 	D:\NewJava\jdk21\bin\zip.dll
0x00007ffb5a260000 - 0x00007ffb5a270000 	D:\NewJava\jdk21\bin\net.dll
0x00007ffb67c20000 - 0x00007ffb67d10000 	C:\WINDOWS\SYSTEM32\WINHTTP.dll
0x00007ffb6e780000 - 0x00007ffb6e7e7000 	C:\WINDOWS\system32\mswsock.dll
0x00007ffb568a0000 - 0x00007ffb568b6000 	D:\NewJava\jdk21\bin\nio.dll
0x00007ffb617f0000 - 0x00007ffb6180a000 	D:\RealCSTools\intelliJ\IntelliJIDEA2024.2.1\bin\breakgen64.dll
0x00007ffb58350000 - 0x00007ffb58359000 	D:\NewJava\jdk21\bin\extnet.dll

dbghelp: loaded successfully - version: 4.0.5 - missing functions: none
symbol engine: initialized successfully - sym options: 0x614 - pdb path: .;D:\NewJava\jdk21\bin;C:\WINDOWS\SYSTEM32;C:\WINDOWS\WinSxS\amd64_microsoft.windows.common-controls_6595b64144ccf1df_6.0.18362.657_none_e6c5b579130e3898;D:\NewJava\jdk21\bin\server;D:\RealCSTools\intelliJ\IntelliJIDEA2024.2.1\bin

VM Arguments:
jvm_args: -ea -Didea.test.cyclic.buffer.size=1048576 -javaagent:D:\RealCSTools\intelliJ\IntelliJIDEA2024.2.1\lib\idea_rt.jar=2613:D:\RealCSTools\intelliJ\IntelliJIDEA2024.2.1\bin -Dfile.encoding=UTF-8 -Dsun.stdout.encoding=UTF-8 -Dsun.stderr.encoding=UTF-8 
java_command: com.intellij.rt.junit.JUnitStarter -ideVersion5 -junit5 @w@C:\Users\ASUS\AppData\Local\Temp\idea_working_dirs_junit.tmp @C:\Users\ASUS\AppData\Local\Temp\idea_junit.tmp
java_class_path (initial): C:\Users\ASUS\.m2\repository\org\junit\platform\junit-platform-launcher\1.10.3\junit-platform-launcher-1.10.3.jar;C:\Users\ASUS\.m2\repository\org\junit\platform\junit-platform-engine\1.10.3\junit-platform-engine-1.10.3.jar;C:\Users\ASUS\.m2\repository\org\opentest4j\opentest4j\1.3.0\opentest4j-1.3.0.jar;C:\Users\ASUS\.m2\repository\org\junit\platform\junit-platform-commons\1.10.3\junit-platform-commons-1.10.3.jar;C:\Users\ASUS\.m2\repository\org\apiguardian\apiguardian-api\1.1.2\apiguardian-api-1.1.2.jar;D:\RealCSTools\intelliJ\IntelliJIDEA2024.2.1\lib\idea_rt.jar;D:\RealCSTools\intelliJ\IntelliJIDEA2024.2.1\plugins\junit\lib\junit5-rt.jar;D:\RealCSTools\intelliJ\IntelliJIDEA2024.2.1\plugins\junit\lib\junit-rt.jar;D:\workspace\java\My-Code-Nav-Project-Backend\UserCenter\target\test-classes;D:\workspace\java\My-Code-Nav-Project-Backend\UserCenter\target\classes;D:\Maven\repository\org\springframework\boot\spring-boot-starter-web\3.3.4\spring-boot-starter-web-3.3.4.jar;D:\Maven\repository\org\springframework\boot\spring-boot-starter\3.3.4\spring-boot-starter-3.3.4.jar;D:\Maven\repository\org\springframework\boot\spring-boot-starter-logging\3.3.4\spring-boot-starter-logging-3.3.4.jar;D:\Maven\repository\ch\qos\logback\logback-classic\1.5.8\logback-classic-1.5.8.jar;D:\Maven\repository\ch\qos\logback\logback-core\1.5.8\logback-core-1.5.8.jar;D:\Maven\repository\org\apache\logging\log4j\log4j-to-slf4j\2.23.1\log4j-to-slf4j-2.23.1.jar;D:\Maven\repository\org\apache\logging\log4j\log4j-api\2.23.1\log4j-api-2.23.1.jar;D:\Maven\repository\org\slf4j\jul-to-slf4j\2.0.16\jul-to-slf4j-2.0.16.jar;D:\Maven\repository\jakarta\annotation\jakarta.annotation-api\2.1.1\jakarta.annotation-api-2.1.1.jar;D:\Maven\repository\org\yaml\snakeyaml\2.2\snakeyaml-2.2.jar;D:\Maven\repository\org\springframework\boot\spring-boot-starter-json\3.3.4\spring-boot-starter-json-3.3.4.jar;D:\Maven\repository\com\fasterxml\jackson\core\jackson-databind\2.17.2\jackson-databind-2.17.2.jar;D:\Maven\repository\com\fasterxml\jackson\core\jackson-annotations\2.17.2\jackson-annotations-2.17.2.jar;D:\Maven\repository\com\fasterxml\jackson\core\jackson-core\2.17.2\jackson-core-2.17.2.jar;D:\Maven\repository\com\fasterxml\jackson\datatype\jackson-datatype-jdk8\2.17.2\jackson-datatype-jdk8-2.17.2.jar;D:\Maven\repository\com\fasterxml\jackson\datatype\jackson-datatype-jsr310\2.17.2\jackson-datatype-jsr310-2.17.2.jar;D:\Maven\repository\com\fasterxml\jackson\module\jackson-module-parameter-names\2.17.2\jackson-module-parameter-names-2.17.2.jar;D:\Maven\repository\org\springframework\boot\spring-boot-starter-tomcat\3.3.4\spring-boot-starter-tomcat-3.3.4.jar;D:\Maven\repository\org\apache\tomcat\embed\tomcat-embed-core\10.1.30\tomcat-embed-core-10.1.30.jar;D:\Maven\repository\org\apache\tomcat\embed\tomcat-embed-el\10.1.30\tomcat-embed-el-10.1.30.jar;D:\Maven\repository\org\apache\tomcat\embed\tomcat-embed-websocket\10.1.30\tomcat-embed-websocket-10.1.30.jar;D:\Maven\repository\org\springframework\spring-web\6.1.13\spring-web-6.1.13.jar;D:\Maven\repository\org\springframework\spring-beans\6.1.13\spring-beans-6.1.13.jar;D:\Maven\repository\io\micrometer\micrometer-observation\1.13.4\micrometer-observation-1.13.4.jar;D:\Maven\repository\io\micrometer\micrometer-commons\1.13.4\micrometer-commons-1.13.4.jar;D:\Maven\repository\org\springframework\spring-webmvc\6.1.13\spring-webmvc-6.1.13.jar;D:\Maven\repository\org\springframework\spring-aop\6.1.13\spring-aop-6.1.13.jar;D:\Maven\repository\org\springframework\spring-context\6.1.13\spring-context-6.1.13.jar;D:\Maven\repository\org\springframework\spring-expression\6.1.13\spring-expression-6.1.13.jar;D:\Maven\repository\org\mybatis\spring\boot\mybatis-spring-boot-starter\3.0.3\mybatis-spring-boot-starter-3.0.3.jar;D:\Maven\repository\org\springframework\boot\spring-boot-starter-jdbc\3.3.4\spring-boot-starter-jdbc-3.3.4.jar;D:\Maven\repository\com\zaxxer\HikariCP\5.1.0\HikariCP-5.1.0.jar;D:\Maven\repository\org\springframework\spring-jdbc\6.1.13\spring-jdbc-6.1.13.jar;D:\Maven\repository\org\mybatis\spring\boot\mybatis-spring-boot-autoconfigure\3.0.3\mybatis-spring-boot-autoconfigure-3.0.3.jar;D:\Maven\repository\org\mybatis\mybatis\3.5.14\mybatis-3.5.14.jar;D:\Maven\repository\org\mybatis\mybatis-spring\3.0.3\mybatis-spring-3.0.3.jar;D:\Maven\repository\org\springframework\boot\spring-boot-devtools\3.3.4\spring-boot-devtools-3.3.4.jar;D:\Maven\repository\org\springframework\boot\spring-boot\3.3.4\spring-boot-3.3.4.jar;D:\Maven\repository\org\springframework\boot\spring-boot-autoconfigure\3.3.4\spring-boot-autoconfigure-3.3.4.jar;D:\Maven\repository\com\mysql\mysql-connector-j\8.3.0\mysql-connector-j-8.3.0.jar;D:\Maven\repository\org\springframework\boot\spring-boot-configuration-processor\3.3.4\spring-boot-configuration-processor-3.3.4.jar;D:\Maven\repository\org\projectlombok\lombok\1.18.34\lombok-1.18.34.jar;D:\Maven\repository\org\springframework\boot\spring-boot-starter-test\3.3.4\spring-boot-starter-test-3.3.4.jar;D:\Maven\repository\org\springframework\boot\spring-boot-test\3.3.4\spring-boot-test-3.3.4.jar;D:\Maven\repository\org\springframework\boot\spring-boot-test-autoconfigure\3.3.4\spring-boot-test-autoconfigure-3.3.4.jar;D:\Maven\repository\com\jayway\jsonpath\json-path\2.9.0\json-path-2.9.0.jar;D:\Maven\repository\org\slf4j\slf4j-api\2.0.16\slf4j-api-2.0.16.jar;D:\Maven\repository\jakarta\xml\bind\jakarta.xml.bind-api\4.0.2\jakarta.xml.bind-api-4.0.2.jar;D:\Maven\repository\jakarta\activation\jakarta.activation-api\2.1.3\jakarta.activation-api-2.1.3.jar;D:\Maven\repository\net\minidev\json-smart\2.5.1\json-smart-2.5.1.jar;D:\Maven\repository\net\minidev\accessors-smart\2.5.1\accessors-smart-2.5.1.jar;D:\Maven\repository\org\ow2\asm\asm\9.6\asm-9.6.jar;D:\Maven\repository\org\assertj\assertj-core\3.25.3\assertj-core-3.25.3.jar;D:\Maven\repository\net\bytebuddy\byte-buddy\1.14.19\byte-buddy-1.14.19.jar;D:\Maven\repository\org\awaitility\awaitility\4.2.2\awaitility-4.2.2.jar;D:\Maven\repository\org\hamcrest\hamcrest\2.2\hamcrest-2.2.jar;D:\Maven\repository\org\junit\jupiter\junit-jupiter\5.10.3\junit-jupiter-5.10.3.jar;D:\Maven\repository\org\junit\jupiter\junit-jupiter-api\5.10.3\junit-jupiter-api-5.10.3.jar;D:\Maven\repository\org\opentest4j\opentest4j\1.3.0\opentest4j-1.3.0.jar;D:\Maven\repository\org\junit\platform\junit-platform-commons\1.10.3\junit-platform-commons-1.10.3.jar;D:\Maven\repository\org\apiguardian\apiguardian-api\1.1.2\apiguardian-api-1.1.2.jar;D:\Maven\repository\org\junit\jupiter\junit-jupiter-params\5.10.3\junit-jupiter-params-5.10.3.jar;D:\Maven\repository\org\junit\jupiter\junit-jupiter-engine\5.10.3\junit-jupiter-engine-5.10.3.jar;D:\Maven\repository\org\junit\platform\junit-platform-engine\1.10.3\junit-platform-engine-1.10.3.jar;D:\Maven\repository\org\mockito\mockito-core\5.11.0\mockito-core-5.11.0.jar;D:\Maven\repository\net\bytebuddy\byte-buddy-agent\1.14.19\byte-buddy-agent-1.14.19.jar;D:\Maven\repository\org\objenesis\objenesis\3.3\objenesis-3.3.jar;D:\Maven\repository\org\mockito\mockito-junit-jupiter\5.11.0\mockito-junit-jupiter-5.11.0.jar;D:\Maven\repository\org\skyscreamer\jsonassert\1.5.3\jsonassert-1.5.3.jar;D:\Maven\repository\com\vaadin\external\google\android-json\0.0.20131108.vaadin1\android-json-0.0.20131108.vaadin1.jar;D:\Maven\repository\org\springframework\spring-core\6.1.13\spring-core-6.1.13.jar;D:\Maven\repository\org\springframework\spring-jcl\6.1.13\spring-jcl-6.1.13.jar;D:\Maven\repository\org\springframework\spring-test\6.1.13\spring-test-6.1.13.jar;D:\Maven\repository\org\xmlunit\xmlunit-core\2.9.1\xmlunit-core-2.9.1.jar;D:\Maven\repository\org\mybatis\spring\boot\mybatis-spring-boot-starter-test\3.0.3\mybatis-spring-boot-starter-test-3.0.3.jar;D:\Maven\repository\org\mybatis\spring\boot\mybatis-spring-boot-test-autoconfigure\3.0.3\mybatis-spring-boot-test-autoconfigure-3.0.3.jar;D:\Maven\repository\org\springframework\spring-tx\6.1.13\spring-tx-6.1.13.jar;D:\Maven\repository\com\baomidou\mybatis-plus-spring-boot3-starter\3.5.7\mybatis-plus-spring-boot3-starter-3.5.7.jar;D:\Maven\repository\com\baomidou\mybatis-plus\3.5.7\mybatis-plus-3.5.7.jar;D:\Maven\repository\com\baomidou\mybatis-plus-core\3.5.7\mybatis-plus-core-3.5.7.jar;D:\Maven\repository\com\baomidou\mybatis-plus-annotation\3.5.7\mybatis-plus-annotation-3.5.7.jar;D:\Maven\repository\com\baomidou\mybatis-plus-extension\3.5.7\mybatis-plus-extension-3.5.7.jar;D:\Maven\repository\com\github\jsqlparser\jsqlparser\4.9\jsqlparser-4.9.jar;D:\Maven\repository\com\baomidou\mybatis-plus-spring-boot-autoconfigure\3.5.7\mybatis-plus-spring-boot-autoconfigure-3.5.7.jar
Launcher Type: SUN_STANDARD

[Global flags]
     intx CICompilerCount                          = 3                                         {product} {ergonomic}
     uint ConcGCThreads                            = 1                                         {product} {ergonomic}
     uint G1ConcRefinementThreads                  = 4                                         {product} {ergonomic}
   size_t G1HeapRegionSize                         = 1048576                                   {product} {ergonomic}
    uintx GCDrainStackTargetSize                   = 64                                        {product} {ergonomic}
   size_t InitialHeapSize                          = 134217728                                 {product} {ergonomic}
   size_t MarkStackSize                            = 4194304                                   {product} {ergonomic}
   size_t MaxHeapSize                              = 2118123520                                {product} {ergonomic}
   size_t MaxNewSize                               = 1270874112                                {product} {ergonomic}
   size_t MinHeapDeltaBytes                        = 1048576                                   {product} {ergonomic}
   size_t MinHeapSize                              = 8388608                                   {product} {ergonomic}
    uintx NonNMethodCodeHeapSize                   = 5832780                                {pd product} {ergonomic}
    uintx NonProfiledCodeHeapSize                  = 122912730                              {pd product} {ergonomic}
    uintx ProfiledCodeHeapSize                     = 122912730                              {pd product} {ergonomic}
    uintx ReservedCodeCacheSize                    = 251658240                              {pd product} {ergonomic}
     bool SegmentedCodeCache                       = true                                      {product} {ergonomic}
   size_t SoftMaxHeapSize                          = 2118123520                             {manageable} {ergonomic}
     bool UseCompressedOops                        = true                           {product lp64_product} {ergonomic}
     bool UseG1GC                                  = true                                      {product} {ergonomic}
     bool UseLargePagesIndividualAllocation        = false                                  {pd product} {ergonomic}

Logging:
Log output configuration:
 #0: stdout all=warning uptime,level,tags foldmultilines=false
 #1: stderr all=off uptime,level,tags foldmultilines=false

Environment Variables:
JAVA_HOME=D:\NewJava\jdk21
PATH=D:\RealCSTools\Linux\VMware17\bin\;D:\NewJava\jdk21\bin;C:\Program Files\Common Files\Oracle\Java\javapath;C:\Users\ASUS\AppData\Local\Programs\Python\Python39\Scripts\;C:\Users\ASUS\AppData\Local\Programs\Python\Python39\;D:\RealCSTools\C\mingw64\bin;D:\RealCSTools\nodejs\;D:\Maven\apache-maven-3.6.3\bin;D:\RealCSTools\Git\cmd;D:\RealCSTools\nodejs\node_global;D:\RealCSTools\python\env310\Scripts\;D:\RealCSTools\python\env310\;D:\RealCSTools\python\env311\Scripts\;D:\RealCSTools\python\env311\;C:\Program Files\MySQL\MySQL Shell 8.0\bin\;C:\Program Files\MySQL\MySQL Server 8.0\bin;D:\Modelism\win64;D:\RealCSTools\python\pycharm\PyCharm2020.3.3\bin;;D:\RealCSTools\frontEnd\VSCode\MicrosoftVSCode\bin;D:\RealCSTools\C\Clion\CLion 2021.2.1\bin;;C:\Users\ASUS\AppData\Roaming\npm;C:\Windows\System32;;D:\RealCSTools\intelliJ\IntelliJIDEA2024.2.1\bin;
USERNAME=ASUS
OS=Windows_NT
PROCESSOR_IDENTIFIER=Intel64 Family 6 Model 78 Stepping 3, GenuineIntel
TMP=C:\Users\ASUS\AppData\Local\Temp
TEMP=C:\Users\ASUS\AppData\Local\Temp




Periodic native trim disabled

---------------  S Y S T E M  ---------------

OS:
 Windows 10 , 64 bit Build 18362 (10.0.18362.329)
OS uptime: 0 days 7:53 hours

CPU: total 4 (initial active 4) (2 cores per cpu, 2 threads per core) family 6 model 78 stepping 3 microcode 0xc6, cx8, cmov, fxsr, ht, mmx, 3dnowpref, sse, sse2, sse3, ssse3, sse4.1, sse4.2, popcnt, lzcnt, tsc, tscinvbit, aes, erms, clmul, clflush, clflushopt, rdtscp
Processor Information for all 4 processors :
  Max Mhz: 2112, Current Mhz: 2112, Mhz Limit: 2112

Memory: 4k page, system-wide physical 8073M (471M free)
TotalPageFile size 16717M (AvailPageFile size 0M)
current process WorkingSet (physical memory assigned to process): 90M, peak: 90M
current process commit charge ("private bytes"): 230M, peak: 230M

vm_info: Java HotSpot(TM) 64-Bit Server VM (21.0.3+7-LTS-152) for windows-amd64 JRE (21.0.3+7-LTS-152), built on 2024-03-11T17:42:26Z by "mach5one" with MS VC++ 17.6 (VS2022)

END.
